Using pre-set license
Built from '2020.3/staging' branch; Version is '2020.3.22f1 (e1a7f79fd887) revision 14788599'; Using compiler version '192528614'; Build Type 'Release'
OS: 'Windows 10 Pro; OS build 19043.1466; Version 2009; 64bit' Language: 'ko' Physical Memory: 32624 MB
BatchMode: 1, IsHumanControllingUs: 0, StartBugReporterOnCrash: 0, Is64bit: 1, IsPro: 0

COMMAND LINE ARGUMENTS:
E:\Unity\2020.3.22f1\Editor\Unity.exe
-adb2
-batchMode
-noUpm
-name
AssetImportWorker0
-projectPath
E:/UnityProjects/Survival
-logFile
Logs/AssetImportWorker0.log
-srvPort
13837
Successfully changed project path to: E:/UnityProjects/Survival
E:/UnityProjects/Survival
Using Asset Import Pipeline V2.
Refreshing native plugins compatible for Editor in 22.25 ms, found 2 plugins.
Preloading 0 native plugins for Editor in 0.00 ms.
Initialize engine version: 2020.3.22f1 (e1a7f79fd887)
[Subsystems] Discovering subsystems at path E:/Unity/2020.3.22f1/Editor/Data/Resources/UnitySubsystems
[Subsystems] Discovering subsystems at path E:/UnityProjects/Survival/Assets
GfxDevice: creating device client; threaded=0
Direct3D:
    Version:  Direct3D 11.0 [level 11.1]
    Renderer: NVIDIA GeForce RTX 3080 (ID=0x2206)
    Vendor:   
    VRAM:     10078 MB
    Driver:   30.0.14.7196
Initialize mono
Mono path[0] = 'E:/Unity/2020.3.22f1/Editor/Data/Managed'
Mono path[1] = 'E:/Unity/2020.3.22f1/Editor/Data/MonoBleedingEdge/lib/mono/unityjit'
Mono config path = 'E:/Unity/2020.3.22f1/Editor/Data/MonoBleedingEdge/etc'
Using monoOptions --debugger-agent=transport=dt_socket,embedding=1,server=y,suspend=n,address=127.0.0.1:56392
Begin MonoManager ReloadAssembly
Registering precompiled unity dll's ...
Register platform support module: E:/Unity/2020.3.22f1/Editor/Data/PlaybackEngines/MacStandaloneSupport/UnityEditor.OSXStandalone.Extensions.dll
Register platform support module: E:/Unity/2020.3.22f1/Editor/Data/PlaybackEngines/WindowsStandaloneSupport/UnityEditor.WindowsStandalone.Extensions.dll
Registered in 0.000781 seconds.
Native extension for WindowsStandalone target not found
Native extension for OSXStandalone target not found
Refreshing native plugins compatible for Editor in 21.29 ms, found 2 plugins.
Preloading 0 native plugins for Editor in 0.00 ms.
Mono: successfully reloaded assembly
- Completed reload, in  1.069 seconds
Domain Reload Profiling:
	ReloadAssembly (1069ms)
		BeginReloadAssembly (35ms)
			ExecutionOrderSort (0ms)
			DisableScriptedObjects (0ms)
			BackupInstance (0ms)
			ReleaseScriptingObjects (0ms)
			CreateAndSetChildDomain (1ms)
		EndReloadAssembly (290ms)
			LoadAssemblies (35ms)
			RebuildTransferFunctionScriptingTraits (0ms)
			SetupTypeCache (94ms)
			ReleaseScriptCaches (0ms)
			RebuildScriptCaches (23ms)
			SetupLoadedEditorAssemblies (108ms)
				LogAssemblyErrors (0ms)
				InitializePlatformSupportModulesInManaged (3ms)
				SetLoadedEditorAssemblies (0ms)
				RefreshPlugins (21ms)
				BeforeProcessingInitializeOnLoad (6ms)
				ProcessInitializeOnLoadAttributes (58ms)
				ProcessInitializeOnLoadMethodAttributes (19ms)
				AfterProcessingInitializeOnLoad (0ms)
				EditorAssembliesLoaded (0ms)
			ExecutionOrderSort2 (0ms)
			AwakeInstancesAfterBackupRestoration (0ms)
Platform modules already initialized, skipping
Registering precompiled user dll's ...
Registered in 0.002212 seconds.
Begin MonoManager ReloadAssembly
Native extension for WindowsStandalone target not found
Native extension for OSXStandalone target not found
Refreshing native plugins compatible for Editor in 0.27 ms, found 2 plugins.
Preloading 0 native plugins for Editor in 0.00 ms.
Mono: successfully reloaded assembly
- Completed reload, in  0.649 seconds
Domain Reload Profiling:
	ReloadAssembly (649ms)
		BeginReloadAssembly (94ms)
			ExecutionOrderSort (0ms)
			DisableScriptedObjects (3ms)
			BackupInstance (0ms)
			ReleaseScriptingObjects (0ms)
			CreateAndSetChildDomain (14ms)
		EndReloadAssembly (517ms)
			LoadAssemblies (54ms)
			RebuildTransferFunctionScriptingTraits (0ms)
			SetupTypeCache (168ms)
			ReleaseScriptCaches (0ms)
			RebuildScriptCaches (32ms)
			SetupLoadedEditorAssemblies (205ms)
				LogAssemblyErrors (0ms)
				InitializePlatformSupportModulesInManaged (4ms)
				SetLoadedEditorAssemblies (0ms)
				RefreshPlugins (0ms)
				BeforeProcessingInitializeOnLoad (35ms)
				ProcessInitializeOnLoadAttributes (157ms)
				ProcessInitializeOnLoadMethodAttributes (6ms)
				AfterProcessingInitializeOnLoad (1ms)
				EditorAssembliesLoaded (0ms)
			ExecutionOrderSort2 (0ms)
			AwakeInstancesAfterBackupRestoration (5ms)
Platform modules already initialized, skipping
========================================================================
Worker process is ready to serve import requests
Launched and connected shader compiler UnityShaderCompiler.exe after 0.04 seconds
Refreshing native plugins compatible for Editor in 0.28 ms, found 2 plugins.
Preloading 0 native plugins for Editor in 0.00 ms.
Unloading 1490 Unused Serialized files (Serialized files now loaded: 0)
System memory in use before: 81.8 MB.
System memory in use after: 81.9 MB.

Unloading 19 unused Assets to reduce memory usage. Loaded Objects now: 1943.
Total: 2.211700 ms (FindLiveObjects: 0.118300 ms CreateObjectMapping: 0.027900 ms MarkObjects: 1.981100 ms  DeleteObjects: 0.083100 ms)

AssetImportParameters requested are different than current active one (requested -> active):
  custom:framework-win-MediaFoundation: 216162199b28c13a410421893ffa2e32 -> 
  custom:video-decoder-ogg-theora: a1e56fd34408186e4bbccfd4996cb3dc -> 
  custom:container-muxer-webm: aa71ff27fc2769a1b78a27578f13a17b -> 
  custom:container-demuxer-webm: 4f35f7cbe854078d1ac9338744f61a02 -> 
  custom:container-demuxer-ogg: 62fdf1f143b41e24485cea50d1cbac27 -> 
  custom:video-encoder-webm-vp8: eb34c28f22e8b96e1ab97ce403110664 -> 
  custom:video-decoder-webm-vp8: 9c59270c3fd7afecdb556c50c9e8de78 -> 
  custom:audio-decoder-ogg-vorbis: bf7c407c2cedff20999df2af8eb42d56 -> 
  custom:audio-encoder-webm-vorbis: bf7c407c2cedff20999df2af8eb42d56 -> 
========================================================================
Received Import Request.
  path: Assets/NewLayer.terrainlayer
  artifactKey: Guid(3e4bf194838a30249a786f2e59e215a3) Importer(815301076,1909f56bfc062723c751e8b465ee728b)
Start importing Assets/NewLayer.terrainlayer using Guid(3e4bf194838a30249a786f2e59e215a3) Importer(815301076,1909f56bfc062723c751e8b465ee728b)  -> (artifact id: '780e452edc793299e53e544d31a6ec35') in 0.100060 seconds 
  Import took 0.101982 seconds .

========================================================================
Received Import Request.
  Time since last request: 0.000197 seconds.
  path: Assets/New Terrain.asset
  artifactKey: Guid(6ccb289b8b1e7dc439a64a7b3318276c) Importer(815301076,1909f56bfc062723c751e8b465ee728b)
Start importing Assets/New Terrain.asset using Guid(6ccb289b8b1e7dc439a64a7b3318276c) Importer(815301076,1909f56bfc062723c751e8b465ee728b)  -> (artifact id: 'c3cffe37b0b579a37f034cbc22c48e7a') in 0.067733 seconds 
  Import took 0.069652 seconds .

========================================================================
Received Import Request.
  Time since last request: 4.328007 seconds.
  path: Assets/Animation
  artifactKey: Guid(2de1dc97a6c12df4d83785d3615bf6fb) Importer(815301076,1909f56bfc062723c751e8b465ee728b)
Start importing Assets/Animation using Guid(2de1dc97a6c12df4d83785d3615bf6fb) Importer(815301076,1909f56bfc062723c751e8b465ee728b)  -> (artifact id: 'da9f662da3a72e63ea6f01ab661b254c') in 0.026760 seconds 
  Import took 0.028770 seconds .

========================================================================
Received Import Request.
  Time since last request: 160.636956 seconds.
  path: Assets/Animation/New Animation.anim
  artifactKey: Guid(e110a14f1cc516341a6b72e2c2ff4924) Importer(815301076,1909f56bfc062723c751e8b465ee728b)
Start importing Assets/Animation/New Animation.anim using Guid(e110a14f1cc516341a6b72e2c2ff4924) Importer(815301076,1909f56bfc062723c751e8b465ee728b)  -> (artifact id: '1f44b4f563458118d442d347262fa2d3') in 0.038756 seconds 
  Import took 0.041379 seconds .

========================================================================
Received Import Request.
  Time since last request: 27.773463 seconds.
  path: Assets/Animation/Hand Animator.controller
  artifactKey: Guid(8d42817497df8e943a5d99d1c2ecc5d7) Importer(815301076,1909f56bfc062723c751e8b465ee728b)
Start importing Assets/Animation/Hand Animator.controller using Guid(8d42817497df8e943a5d99d1c2ecc5d7) Importer(815301076,1909f56bfc062723c751e8b465ee728b)  -> (artifact id: 'b07268e2d7caf33d4aefa6dc9bcb3507') in 0.029503 seconds 
  Import took 0.031727 seconds .

========================================================================
Received Import Request.
  Time since last request: 157.120870 seconds.
  path: Assets/Animation/Hand
  artifactKey: Guid(58c4453c331f78f4a91ef9eab8397896) Importer(815301076,1909f56bfc062723c751e8b465ee728b)
Start importing Assets/Animation/Hand using Guid(58c4453c331f78f4a91ef9eab8397896) Importer(815301076,1909f56bfc062723c751e8b465ee728b)  -> (artifact id: '86a3501b633d510521283c645bd87184') in 0.026579 seconds 
  Import took 0.029158 seconds .

========================================================================
Received Import Request.
  Time since last request: 236.155271 seconds.
  path: Assets/3D Model/Wall.fbx
  artifactKey: Guid(c976227016f9b9f47a8cda89311f9ec5) Importer(815301076,1909f56bfc062723c751e8b465ee728b)
Start importing Assets/3D Model/Wall.fbx using Guid(c976227016f9b9f47a8cda89311f9ec5) Importer(815301076,1909f56bfc062723c751e8b465ee728b)  -> (artifact id: 'af45df91a208aee96235aa272a965ced') in 0.097689 seconds 
  Import took 0.100065 seconds .

AssetImportWorkerClient::OnTransportError - code=2 error=End of file
